This is pdfTeX, Version 3.14159265-2.6-1.40.15 (TeX Live 2014/Arch Linux) (preloaded format=latex 2014.9.20)  21 OCT 2014 10:50
entering extended mode
 restricted \write18 enabled.
 %&-line parsing enabled.
**a.tex
(./a.tex
LaTeX2e <2014/05/01>
Babel <3.9k> and hyphenation patterns for 79 languages loaded.
(/usr/share/texmf-dist/tex/latex/base/article.cls
Document Class: article 2007/10/19 v1.4h Standard LaTeX document class
(/usr/share/texmf-dist/tex/latex/base/size10.clo
File: size10.clo 2007/10/19 v1.4h Standard LaTeX file (size option)
)
\c@part=\count79
\c@section=\count80
\c@subsection=\count81
\c@subsubsection=\count82
\c@paragraph=\count83
\c@subparagraph=\count84
\c@figure=\count85
\c@table=\count86
\abovecaptionskip=\skip41
\belowcaptionskip=\skip42
\bibindent=\dimen102
)
(/usr/share/texmf-dist/tex/latex/mathtools/mathtools.sty
Package: mathtools 2014/07/16 v1.15 mathematical typesetting tools

(/usr/share/texmf-dist/tex/latex/graphics/keyval.sty
Package: keyval 2014/05/08 v1.15 key=value parser (DPC)
\KV@toks@=\toks14
)
(/usr/share/texmf-dist/tex/latex/tools/calc.sty
Package: calc 2007/08/22 v4.3 Infix arithmetic (KKT,FJ)
\calc@Acount=\count87
\calc@Bcount=\count88
\calc@Adimen=\dimen103
\calc@Bdimen=\dimen104
\calc@Askip=\skip43
\calc@Bskip=\skip44
LaTeX Info: Redefining \setlength on input line 75.
LaTeX Info: Redefining \addtolength on input line 76.
\calc@Ccount=\count89
\calc@Cskip=\skip45
)
(/usr/share/texmf-dist/tex/latex/mathtools/mhsetup.sty
Package: mhsetup 2010/01/21 v1.2a programming setup (MH)
)
(/usr/share/texmf-dist/tex/latex/amsmath/amsmath.sty
Package: amsmath 2013/01/14 v2.14 AMS math features
\@mathmargin=\skip46

For additional information on amsmath, use the `?' option.
(/usr/share/texmf-dist/tex/latex/amsmath/amstext.sty
Package: amstext 2000/06/29 v2.01

(/usr/share/texmf-dist/tex/latex/amsmath/amsgen.sty
File: amsgen.sty 1999/11/30 v2.0
\@emptytoks=\toks15
\ex@=\dimen105
))
(/usr/share/texmf-dist/tex/latex/amsmath/amsbsy.sty
Package: amsbsy 1999/11/29 v1.2d
\pmbraise@=\dimen106
)
(/usr/share/texmf-dist/tex/latex/amsmath/amsopn.sty
Package: amsopn 1999/12/14 v2.01 operator names
)
\inf@bad=\count90
LaTeX Info: Redefining \frac on input line 210.
\uproot@=\count91
\leftroot@=\count92
LaTeX Info: Redefining \overline on input line 306.
\classnum@=\count93
\DOTSCASE@=\count94
LaTeX Info: Redefining \ldots on input line 378.
LaTeX Info: Redefining \dots on input line 381.
LaTeX Info: Redefining \cdots on input line 466.
\Mathstrutbox@=\box26
\strutbox@=\box27
\big@size=\dimen107
LaTeX Font Info:    Redeclaring font encoding OML on input line 566.
LaTeX Font Info:    Redeclaring font encoding OMS on input line 567.
\macc@depth=\count95
\c@MaxMatrixCols=\count96
\dotsspace@=\muskip10
\c@parentequation=\count97
\dspbrk@lvl=\count98
\tag@help=\toks16
\row@=\count99
\column@=\count100
\maxfields@=\count101
\andhelp@=\toks17
\eqnshift@=\dimen108
\alignsep@=\dimen109
\tagshift@=\dimen110
\tagwidth@=\dimen111
\totwidth@=\dimen112
\lineht@=\dimen113
\@envbody=\toks18
\multlinegap=\skip47
\multlinetaggap=\skip48
\mathdisplay@stack=\toks19
LaTeX Info: Redefining \[ on input line 2665.
LaTeX Info: Redefining \] on input line 2666.
)
LaTeX Info: Thecontrolsequence`\['isalreadyrobust on input line 129.
LaTeX Info: Thecontrolsequence`\]'isalreadyrobust on input line 129.
\g_MT_multlinerow_int=\count102
\l_MT_multwidth_dim=\dimen114
\origjot=\skip49
\l_MT_shortvdotswithinadjustabove_dim=\dimen115
\l_MT_shortvdotswithinadjustbelow_dim=\dimen116
\l_MT_above_intertext_sep=\dimen117
\l_MT_below_intertext_sep=\dimen118
\l_MT_above_shortintertext_sep=\dimen119
\l_MT_below_shortintertext_sep=\dimen120
) (./natbib.sty
Package: natbib 2006/09/06 7.4a (PWD)
\bibhang=\skip50
\bibsep=\skip51
LaTeX Info: Redefining \cite on input line 541.
\c@NAT@ctr=\count103
) (./a.aux

! Package babel Error: Unknown language `english'. Either you have
(babel)                misspelled its name, it has not been installed,
(babel)                or you requested it in a previous run. Fix its name,
(babel)                install it or just rerun the file, respectively.

See the babel package documentation for explanation.
Type  H <return>  for immediate help.
 ...                                              
                                                  
l.19 \select@language{english}
                              
?   \
Type <return> to proceed, S to scroll future error messages,
R to run without stopping, Q to run quietly,
I to insert something, E to edit your file,
1 or ... or 9 to ignore the next 1 to 9 tokens of input,
H for help, X to quit.
? 
)
\openout1 = `a.aux'.

LaTeX Font Info:    Checking defaults for OML/cmm/m/it on input line 5.
LaTeX Font Info:    ... okay on input line 5.
LaTeX Font Info:    Checking defaults for T1/cmr/m/n on input line 5.
LaTeX Font Info:    ... okay on input line 5.
LaTeX Font Info:    Checking defaults for OT1/cmr/m/n on input line 5.
LaTeX Font Info:    ... okay on input line 5.
LaTeX Font Info:    Checking defaults for OMS/cmsy/m/n on input line 5.
LaTeX Font Info:    ... okay on input line 5.
LaTeX Font Info:    Checking defaults for OMX/cmex/m/n on input line 5.
LaTeX Font Info:    ... okay on input line 5.
LaTeX Font Info:    Checking defaults for U/cmr/m/n on input line 5.
LaTeX Font Info:    ... okay on input line 5.
 (/usr/share/texmf-dist/tex/latex/graphics/graphicx.sty
Package: graphicx 2014/04/25 v1.0g Enhanced LaTeX Graphics (DPC,SPQR)

(/usr/share/texmf-dist/tex/latex/graphics/graphics.sty
Package: graphics 2009/02/05 v1.0o Standard LaTeX Graphics (DPC,SPQR)

(/usr/share/texmf-dist/tex/latex/graphics/trig.sty
Package: trig 1999/03/16 v1.09 sin cos tan (DPC)
)
(/usr/share/texmf-dist/tex/latex/latexconfig/graphics.cfg
File: graphics.cfg 2010/04/23 v1.9 graphics configuration of TeX Live
)
Package graphics Info: Driver file: dvips.def on input line 91.

(/usr/share/texmf-dist/tex/latex/graphics/dvips.def
File: dvips.def 2014/04/23 v3.0j Driver-dependant file (DPC,SPQR)
))
\Gin@req@height=\dimen121
\Gin@req@width=\dimen122
)

Package natbib Warning: Citation `throstur2002' on page 1 undefined on input li
ne 9.


Package natbib Warning: Citation `azuma94' on page 1 undefined on input line 13
.


Package natbib Warning: Citation `duval1995' on page 1 undefined on input line 
13.


Package natbib Warning: Citation `alley96' on page 1 undefined on input line 13
.

[1

]

Package natbib Warning: Citation `taylor' on page 2 undefined on input line 15.



Package natbib Warning: Citation `sachs' on page 2 undefined on input line 15.


Package natbib Warning: Citation `thorsteinsson2002nni' on page 2 undefined on 
input line 15.


Package natbib Warning: Citation `molinari' on page 2 undefined on input line 1
5.


Package natbib Warning: Citation `gillet2005' on page 2 undefined on input line
 15.


Package natbib Warning: Citation `azuma96' on page 2 undefined on input line 15
.


Package natbib Warning: Citation `thorsteinnson2002nni' on page 2 undefined on 
input line 15.


Package natbib Warning: Citation `pettit2007' on page 2 undefined on input line
 17.


Package natbib Warning: Citation `gillet2006' on page 2 undefined on input line
 17.


Package natbib Warning: Citation `thorsteinnson2002nni' on page 2 undefined on 
input line 17.


Package natbib Warning: Citation `azuma94' on page 2 undefined on input line 20
.


Overfull \hbox (20.2507pt too wide) in paragraph at lines 20--21
\OT1/cmr/m/n/10 The most im-por-tant pro-cess gov-ern-ing the for-ma-tion of cr
ys-tal fab-rics is deformation-
 []


! LaTeX Error: Bad math environment delimiter.

See the LaTeX manual or LaTeX Companion for explanation.
Type  H <return>  for immediate help.
 ...                                              
                                                  
l.22    \dot{c} = \zeta \(
                           \W \cdot c + D \cdot c + c c^T \cdot D \cdot c \)
? 
! Undefined control sequence.
l.22    \dot{c} = \zeta \( \W
                              \cdot c + D \cdot c + c c^T \cdot D \cdot c \)
? 

! LaTeX Error: Bad math environment delimiter.

See the LaTeX manual or LaTeX Companion for explanation.
Type  H <return>  for immediate help.
 ...                                              
                                                  
l.22 ...t c + D \cdot c + c c^T \cdot D \cdot c \)
                                                  
? 
[2]

Package natbib Warning: Citation `gillet2005' on page 3 undefined on input line
 24.

! Extra }, or forgotten $.
l.29 ...ains, then a polycrystal of grains $\{g_i}
                                                  $ with volume $V=\sum v_i$...

? 
[3]

Package natbib Warning: Citation `durand2006' on page 4 undefined on input line
 40.


Package natbib Warning: Citation `duval1995' on page 4 undefined on input line 
50.


Package natbib Warning: Citation `azuma96' on page 4 undefined on input line 50
.

[4]

Package natbib Warning: Citation `joan' on page 5 undefined on input line 58.

[5]

Package natbib Warning: Citation `diprinzio2005' on page 6 undefined on input l
ine 65.


! LaTeX Error: File `waisfit3' not found.

See the LaTeX manual or LaTeX Companion for explanation.
Type  H <return>  for immediate help.
 ...                                              
                                                  
l.71 \includegraphics[width=12cm]{waisfit3}
                                           
? 

! LaTeX Error: File `girdle' not found.

See the LaTeX manual or LaTeX Companion for explanation.
Type  H <return>  for immediate help.
 ...                                              
                                                  
l.75 \includegraphics[width=7cm]{girdle}
                                        
? 

Package natbib Warning: Citation `montgomery-smith2011' on page 6 undefined on 
input line 81.

[6] (./a.bbl
Underfull \hbox (badness 1221) in paragraph at lines 36--39
[]\OT1/cmr/m/n/10 Gillet-Chaulet, F., O. Gagliar-dini, J. Meysson-nier, M. Mon-
tag-nat, and
 []

[7])
! Undefined control sequence.
<recently read> \intent 
                        
l.93 \intent
             -Find local stress on each grain;
? 

Package natbib Warning: There were undefined citations.

[8] (./a.aux

Package natbib Warning: Citation(s) may have changed.
(natbib)                Rerun to get citations correct.

) ) 
Here is how much of TeX's memory you used:
 1985 strings out of 493109
 25642 string characters out of 6140751
 89889 words of memory out of 5000000
 5455 multiletter control sequences out of 15000+600000
 10595 words of font info for 38 fonts, out of 8000000 for 9000
 1141 hyphenation exceptions out of 8191
 33i,6n,22p,2126b,215s stack positions out of 5000i,500n,10000p,200000b,80000s

Output written on a.dvi (8 pages, 29084 bytes).
